\BOOKMARK [1][-]{section.1}{Gii thiu v \040\341n}{}% 1
\BOOKMARK [2][-]{subsection.1.1}{T \341nh gi\341}{section.1}% 2
\BOOKMARK [2][-]{subsection.1.2}{M\364 ta \040\341n}{section.1}% 3
\BOOKMARK [3][-]{subsubsection.1.2.1}{T\352n cua \040\341n}{subsection.1.2}% 4
\BOOKMARK [3][-]{subsubsection.1.2.2}{M\364i trng thc thi}{subsection.1.2}% 5
\BOOKMARK [3][-]{subsubsection.1.2.3}{Muc ti\352u cua ng dung}{subsection.1.2}% 6
\BOOKMARK [3][-]{subsubsection.1.2.4}{L\375 do ra i cua chng tr\354nh}{subsection.1.2}% 7
\BOOKMARK [3][-]{subsubsection.1.2.5}{C\341c ng dung c\363 t\355nh nang tng t}{subsection.1.2}% 8
\BOOKMARK [3][-]{subsubsection.1.2.6}{\320im kh\341c bit cua chng tr\354nh}{subsection.1.2}% 9
\BOOKMARK [2][-]{subsection.1.3}{\320\363ng g\363p cua c\341c th\340nh vi\352n cho \040\341n}{section.1}% 10
\BOOKMARK [3][-]{subsubsection.1.3.1}{Ti l \363ng g\363p cua c\341c th\340nh vi\352n}{subsection.1.3}% 11
\BOOKMARK [3][-]{subsubsection.1.3.2}{Chi tit c\341c c\364ng vic \343 thc hin}{subsection.1.3}% 12
\BOOKMARK [2][-]{subsection.1.4}{Th\364ng tin cn thit \040chay chng tr\354nh}{section.1}% 13
\BOOKMARK [1][-]{section.2}{C\341c chc nang \343 thc hin}{}% 14
\BOOKMARK [2][-]{subsection.2.1}{M\340n h\354nh splash-screen}{section.2}% 15
\BOOKMARK [2][-]{subsection.2.2}{M\340n h\354nh ang nhp}{section.2}% 16
\BOOKMARK [3][-]{subsubsection.2.2.1}{Chc nang ang nhp}{subsection.2.2}% 17
\BOOKMARK [3][-]{subsubsection.2.2.2}{Chc nang t lai mt khu}{subsection.2.2}% 18
\BOOKMARK [3][-]{subsubsection.2.2.3}{Chc nang ang k\375 t\340i khoan}{subsection.2.2}% 19
\BOOKMARK [2][-]{subsection.2.3}{M\340n h\354nh ch\355nh}{section.2}% 20
\BOOKMARK [3][-]{subsubsection.2.3.1}{M\340n h\354nh trang chu}{subsection.2.3}% 21
\BOOKMARK [3][-]{subsubsection.2.3.2}{M\340n h\354nh xem th\352m san phm}{subsection.2.3}% 22
\BOOKMARK [3][-]{subsubsection.2.3.3}{M\340n h\354nh san phm theo danh muc}{subsection.2.3}% 23
\BOOKMARK [3][-]{subsubsection.2.3.4}{M\340n h\354nh chi tit san phm}{subsection.2.3}% 24
\BOOKMARK [3][-]{subsubsection.2.3.5}{M\340n h\354nh san phm y\352u th\355ch}{subsection.2.3}% 25
\BOOKMARK [3][-]{subsubsection.2.3.6}{Chc nang t\354m kim san phm}{subsection.2.3}% 26
\BOOKMARK [3][-]{subsubsection.2.3.7}{M\340n h\354nh gio h\340ng}{subsection.2.3}% 27
\BOOKMARK [3][-]{subsubsection.2.3.8}{M\340n h\354nh thanh to\341n}{subsection.2.3}% 28
\BOOKMARK [3][-]{subsubsection.2.3.9}{M\340n h\354nh lich s n h\340ng}{subsection.2.3}% 29
\BOOKMARK [3][-]{subsubsection.2.3.10}{M\340n h\354nh chi tit n h\340ng}{subsection.2.3}% 30
\BOOKMARK [3][-]{subsubsection.2.3.11}{M\340n h\354nh t\340i khoan ngi d\371ng}{subsection.2.3}% 31
\BOOKMARK [1][-]{section.3}{Nhng im c bit trong \040\341n}{}% 32
\BOOKMARK [2][-]{subsection.3.1}{V giao din}{section.3}% 33
\BOOKMARK [2][-]{subsection.3.2}{V kho lu tr, CSDL v\340 Authentication}{section.3}% 34
\BOOKMARK [2][-]{subsection.3.3}{Chc nang t\354m kim}{section.3}% 35
\BOOKMARK [1][-]{section.4}{Tham khao}{}% 36
